<?xml version="1.0" encoding="UTF-8"?>
<robot generator="Robot 5.0.1 (Python 3.10.6 on win32)" generated="20220815 18:37:18.319" rpa="false" schemaversion="3">
<suite id="s1" name="API TEST" source="C:\Users\jonny\dev\projetos-python\QA-Projeto_Teste\API_TEST.robot">
<test id="s1-t1" name="GET Request Test" line="22">
<kw name="Create Session" library="RequestsLibrary">
<arg>myssesion</arg>
<arg>${URL}</arg>
<doc>Create Session: create a HTTP session to a server</doc>
<msg timestamp="20220815 18:37:18.866" level="INFO">Creating Session using : alias=myssesion, url=http://localhost:9090, headers={},                     cookies={}, auth=None, timeout=None, proxies=None, verify=False,                     debug=0 </msg>
<status status="PASS" starttime="20220815 18:37:18.866" endtime="20220815 18:37:18.866"/>
</kw>
<kw name="Create Dictionary" library="BuiltIn">
<var>&amp;{headers}</var>
<arg>Content-Type=application/json</arg>
<doc>Creates and returns a dictionary based on the given ``items``.</doc>
<msg timestamp="20220815 18:37:18.866" level="INFO">&amp;{headers} = { Content-Type=application/json }</msg>
<status status="PASS" starttime="20220815 18:37:18.866" endtime="20220815 18:37:18.866"/>
</kw>
<kw name="GET On Session" library="RequestsLibrary">
<var>${resp}</var>
<arg>myssesion</arg>
<arg>/customer</arg>
<arg>${headers}</arg>
<doc>Sends a GET request on a previously created HTTP Session.</doc>
<msg timestamp="20220815 18:37:18.882" level="INFO">GET Request : url=http://localhost:9090/customer?Content-Type=application%2Fjson 
 path_url=/customer?Content-Type=application%2Fjson 
 headers={'User-Agent': 'python-requests/2.28.1', 'Accept-Encoding': 'gzip, deflate', 'Accept': '*/*', 'Connection': 'keep-alive'} 
 body=None 
 </msg>
<msg timestamp="20220815 18:37:18.882" level="INFO">GET Response : url=http://localhost:9090/customer?Content-Type=application%2Fjson 
 status=200, reason= 
 headers={'Content-Type': 'application/json;charset=UTF-8', 'Transfer-Encoding': 'chunked', 'Date': 'Mon, 15 Aug 2022 21:37:18 GMT'} 
 body=[{"name":"Paulo","lastName":"Silvas","birthDate":"1975-09-14","id":1,"cards":[]},{"name":"Paulo","lastName":"Silva","birthDate":"1975-09-14","id":2,"cards":[{"customerId":2,"number":"1001200230034004","holderName":"Becker + Charles","brand":"MASTER","expirationMoth":2,"expirationYear":2023,"cvc":"555","id":47},{"customerId":2,"number":"1001200230034004","holderName":"Davis + Blake","brand":"MASTER","expirationMoth":2,"expirationYear":2023,"cvc":"555","id":49},{"customerId":2,"number":"1001200230034004","holderName":"Guerrero + Katherine","brand":"MASTER","expirationMoth":2,"expirationYear":2023,"cvc":"555","id":51},{"customerId":2,"number":"1001200230034004","holderName":"Thomas + Steven","brand":"MASTER","expirationMoth":2,"expirationYear":2023,"cvc":"555","id":56},{"customerId":2,"number":"1001200230034004","holderName":"Jones + Anita","brand":"MASTER","expirationMoth":2,"expirationYear":2023,"cvc":"555","id":61},{"customerId":2,"number":"1001200230034004","holderName":"Austin + Stephanie","brand":"MASTER","expirationMoth":2,"expirationYear":2023,"cvc":"555","id":64},{"customerId":2,"number":"1001200230034004","holderName":"Lang + Heather","brand":"MASTER","expirationMoth":2,"expirationYear":2023,"cvc":"555","id":67},{"customerId":2,"number":"1001200230034004","holderName":"Moore + Anne","brand":"MASTER","expirationMoth":2,"expirationYear":2023,"cvc":"555","id":70},{"customerId":2,"number":"1001200230034004","holderName":"Adams + Mark","brand":"MASTER","expirationMoth":2,"expirationYear":2023,"cvc":"555","id":73},{"customerId":2,"number":"1001200230034004","holderName":"Cox + William","brand":"MASTER","expirationMoth":2,"expirationYear":2023,"cvc":"555","id":76},{"customerId":2,"number":"1001200230034004","holderName":"Wilson + Jennifer","brand":"MASTER","expirationMoth":2,"expirationYear":2023,"cvc":"555","id":79},{"customerId":2,"number":"1001200230034004","holderName":"Alexander + Sarah","brand":"MASTER","expirationMoth":2,"expirationYear":2023,"cvc":"555","id":84},{"customerId":2,"number":"1001200230034004","holderName":"Lee + Derek","brand":"MASTER","expirationMoth":2,"expirationYear":2023,"cvc":"555","id":86},{"customerId":2,"number":"1001200230034004","holderName":"Lowery + William","brand":"MASTER","expirationMoth":2,"expirationYear":2023,"cvc":"555","id":88},{"customerId":2,"number":"1001200230034004","holderName":"Frederick + Eric","brand":"MASTER","expirationMoth":2,"expirationYear":2023,"cvc":"555","id":90},{"customerId":2,"number":"1001200230034004","holderName":"Brown + Allen","brand":"MASTER","expirationMoth":2,"expirationYear":2023,"cvc":"555","id":93},{"customerId":2,"number":"1001200230034004","holderName":"Rhodes + Douglas","brand":"MASTER","expirationMoth":2,"expirationYear":2023,"cvc":"555","id":95},{"customerId":2,"number":"1001200230034004","holderName":"Arroyo + Erik","brand":"MASTER","expirationMoth":2,"expirationYear":2023,"cvc":"555","id":97},{"customerId":2,"number":"1001200230034004","holderName":"Osborn + Jeffrey","brand":"MASTER","expirationMoth":2,"expirationYear":2023,"cvc":"555","id":101},{"customerId":2,"number":"1001200230034004","holderName":"Pham + Jacob","brand":"MASTER","expirationMoth":2,"expirationYear":2023,"cvc":"555","id":103},{"customerId":2,"number":"1001200230034004","holderName":"Smith + James","brand":"MASTER","expirationMoth":2,"expirationYear":2023,"cvc":"555","id":105},{"customerId":2,"number":"1001200230034004","holderName":"Moore + Sandra","brand":"MASTER","expirationMoth":2,"expirationYear":2023,"cvc":"555","id":109},{"customerId":2,"number":"1001200230034004","holderName":"Parker + Charles","brand":"MASTER","expirationMoth":2,"expirationYear":2023,"cvc":"555","id":111},{"customerId":2,"number":"1001200230034004","holderName":"Hill + Veronica","brand":"MASTER","expirationMoth":2,"expirationYear":2023,"cvc":"555","id":113},{"customerId":2,"number":"1001200230034004","holderName":"Torres + Karen","brand":"MASTER","expirationMoth":2,"expirationYear":2023,"cvc":"555","id":116},{"customerId":2,"number":"1001200230034004","holderName":"Jones + Michael","brand":"MASTER","expirationMoth":2,"expirationYear":2023,"cvc":"555","id":118},{"customerId":2,"number":"1001200230034004","holderName":"Grant + Amy","brand":"MASTER","expirationMoth":2,"expirationYear":2023,"cvc":"555","id":120},{"customerId":2,"number":"1001200230034004","holderName":"Hall + Katie","brand":"MASTER","expirationMoth":2,"expirationYear":2023,"cvc":"555","id":123},{"customerId":2,"number":"1001200230034004","holderName":"Johnson + Jennifer","brand":"MASTER","expirationMoth":2,"expirationYear":2023,"cvc":"555","id":126},{"customerId":2,"number":"1001200230034004","holderName":"Salas + Jerome","brand":"MASTER","expirationMoth":2,"expirationYear":2023,"cvc":"555","id":129},{"customerId":2,"number":"1001200230034004","holderName":"Hays + Stephen","brand":"MASTER","expirationMoth":2,"expirationYear":2023,"cvc":"555","id":133}]},{"name":"Silva","lastName":"Emma","birthDate":"1975-09-14","id":3,"cards":[{"customerId":3,"number":"1001200230034004","holderName":"jose joe","brand":"MASTER","expirationMoth":2,"expirationYear":2023,"cvc":"231","id":35}]},{"name":"Silva","lastName":"Maria","birthDate":"1975-09-14","id":4,"cards":[]},{"name":"Silva","lastName":"Roy","birthDate":"1975-09-14","id":5,"cards":[]},{"name":"Burton","lastName":"Aimee","birthDate":"1975-09-14","id":6,"cards":[]},{"name":"Rose","lastName":"Jared","birthDate":"1975-09-14","id":7,"cards":[]},{"name":"Hines","lastName":"Mason","birthDate":"1975-09-14","id":8,"cards":[]},{"name":"Williams","lastName":"Tim","birthDate":"1975-09-14","id":9,"cards":[]},{"name":"Bates","lastName":"Tracy","birthDate":"1975-09-14","id":10,"cards":[]},{"name":"Barnett","lastName":"Jacob","birthDate":"1975-09-14","id":11,"cards":[]},{"name":"Morgan","lastName":"Kayla","birthDate":"1975-09-14","id":12,"cards":[]},{"name":"Beard","lastName":"Christopher","birthDate":"1975-09-14","id":13,"cards":[]},{"name":"Stokes","lastName":"Gary","birthDate":"1975-09-14","id":14,"cards":[]},{"name":"Sharp","lastName":"Jamie","birthDate":"1975-09-14","id":15,"cards":[]},{"name":"Gray","lastName":"James","birthDate":"1975-09-14","id":16,"cards":[]},{"name":"Cunningham","lastName":"Allison","birthDate":"1975-09-14","id":17,"cards":[]},{"name":"Lewis","lastName":"Taylor","birthDate":"1975-09-14","id":18,"cards":[]},{"name":"Gonzales","lastName":"Joshua","birthDate":"1975-09-14","id":19,"cards":[]},{"name":"Thomas","lastName":"Jacob","birthDate":"1975-09-14","id":20,"cards":[]},{"name":"Griffin","lastName":"Peter","birthDate":"1975-09-14","id":21,"cards":[]},{"name":"Johnson","lastName":"Molly","birthDate":"1975-09-14","id":22,"cards":[]},{"name":"Allison","lastName":"Sherry","birthDate":"1975-09-14","id":23,"cards":[]},{"name":"Johnston","lastName":"Monica","birthDate":"1975-09-14","id":24,"cards":[]},{"name":"Edwards","lastName":"Christine","birthDate":"1975-09-14","id":25,"cards":[]},{"name":"Reyes","lastName":"Emily","birthDate":"1975-09-14","id":26,"cards":[]},{"name":"Riddle","lastName":"Crystal","birthDate":"1975-09-14","id":27,"cards":[]},{"name":"Ramos","lastName":"Christopher","birthDate":"1975-09-14","id":28,"cards":[]},{"name":"Holmes","lastName":"Karina","birthDate":"1975-09-14","id":29,"cards":[]},{"name":"Carson","lastName":"Theresa","birthDate":"1975-09-14","id":30,"cards":[]},{"name":"Green","lastName":"Peter","birthDate":"1975-09-14","id":31,"cards":[]},{"name":"Cole","lastName":"Kimberly","birthDate":"1975-09-14","id":32,"cards":[]},{"name":"Smith","lastName":"Anne","birthDate":"1975-09-14","id":33,"cards":[]},{"name":"Paulo","lastName":"Alvo","birthDate":"1975-09-14","id":36,"cards":[]},{"name":"Paulo","lastName":"Alvo1","birthDate":"1975-09-14","id":37,"cards":[]},{"name":"Alvo","lastName":"Paulo","birthDate":"1975-09-14","id":38,"cards":[]},{"name":"Jackson","lastName":"Adrian","birthDate":"1975-09-14","id":39,"cards":[]},{"name":"Nguyen","lastName":"Douglas","birthDate":"1975-09-14","id":40,"cards":[]},{"name":"Reynolds","lastName":"David","birthDate":"1975-09-14","id":41,"cards":[]},{"name":"Anderson","lastName":"Amanda","birthDate":"1975-09-14","id":42,"cards":[]},{"name":"Bray","lastName":"Jacob","birthDate":"1975-09-14","id":43,"cards":[]},{"name":"Garcia","lastName":"Aaron","birthDate":"1975-09-14","id":44,"cards":[]},{"name":"Simpson","lastName":"Suzanne","birthDate":"1975-09-14","id":45,"cards":[]},{"name":"Becker","lastName":"Charles","birthDate":"1975-09-14","id":46,"cards":[]},{"name":"Davis","lastName":"Blake","birthDate":"1975-09-14","id":48,"cards":[]},{"name":"Guerrero","lastName":"Katherine","birthDate":"1975-09-14","id":50,"cards":[]},{"name":"Clark","lastName":"Tammy","birthDate":"1975-09-14","id":52,"cards":[]},{"name":"Williamson","lastName":"Larry","birthDate":"1975-09-14","id":54,"cards":[]},{"name":"Thomas","lastName":"Steven","birthDate":"1975-09-14","id":55,"cards":[]},{"name":"Sanchez","lastName":"Robert","birthDate":"1975-09-14","id":57,"cards":[]},{"name":"Gregory","lastName":"Duane","birthDate":"1975-09-14","id":58,"cards":[]},{"name":"Mccarthy","lastName":"Jennifer","birthDate":"1975-09-14","id":59,"cards":[]},{"name":"Jones","lastName":"Anita","birthDate":"1975-09-14","id":60,"cards":[]},{"name":"Kelly","lastName":"Gilbert","birthDate":"1975-09-14","id":62,"cards":[]},{"name":"Austin","lastName":"Stephanie","birthDate":"1975-09-14","id":63,"cards":[]},{"name":"Evans","lastName":"Debra","birthDate":"1975-09-14","id":65,"cards":[]},{"name":"Lang","lastName":"Heather","birthDate":"1975-09-14","id":66,"cards":[]},{"name":"Roberts","lastName":"Amanda","birthDate":"1975-09-14","id":68,"cards":[]},{"name":"Moore","lastName":"Anne","birthDate":"1975-09-14","id":69,"cards":[]},{"name":"Weber","lastName":"Emily","birthDate":"1975-09-14","id":71,"cards":[]},{"name":"Adams","lastName":"Mark","birthDate":"1975-09-14","id":72,"cards":[]},{"name":"Sims","lastName":"Kevin","birthDate":"1975-09-14","id":74,"cards":[]},{"name":"Cox","lastName":"Wil... (set the log level to DEBUG or TRACE to see the full content) 
 </msg>
<msg timestamp="20220815 18:37:18.882" level="INFO">${resp} = &lt;Response [200]&gt;</msg>
<status status="PASS" starttime="20220815 18:37:18.866" endtime="20220815 18:37:18.882"/>
</kw>
<status status="PASS" starttime="20220815 18:37:18.866" endtime="20220815 18:37:18.882"/>
</test>
<test id="s1-t2" name="POST Request Test" line="29">
<kw name="First Name" library="FakerLibrary">
<var>${NOME1}</var>
<msg timestamp="20220815 18:37:18.882" level="INFO">${NOME1} = Sara</msg>
<status status="PASS" starttime="20220815 18:37:18.882" endtime="20220815 18:37:18.882"/>
</kw>
<kw name="Last Name" library="FakerLibrary">
<var>${SOBRENOME}</var>
<msg timestamp="20220815 18:37:18.882" level="INFO">${SOBRENOME} = Thompson</msg>
<status status="PASS" starttime="20220815 18:37:18.882" endtime="20220815 18:37:18.882"/>
</kw>
<kw name="Create Session" library="RequestsLibrary">
<arg>myssesion</arg>
<arg>${URL}</arg>
<doc>Create Session: create a HTTP session to a server</doc>
<msg timestamp="20220815 18:37:18.882" level="INFO">Creating Session using : alias=myssesion, url=http://localhost:9090, headers={},                     cookies={}, auth=None, timeout=None, proxies=None, verify=False,                     debug=0 </msg>
<status status="PASS" starttime="20220815 18:37:18.882" endtime="20220815 18:37:18.882"/>
</kw>
<kw name="Create Dictionary" library="BuiltIn">
<var>&amp;{body}</var>
<arg>birthDate=1975-09-14</arg>
<arg>lastName=${NOME1}</arg>
<arg>name=${SOBRENOME}</arg>
<doc>Creates and returns a dictionary based on the given ``items``.</doc>
<msg timestamp="20220815 18:37:18.882" level="INFO">&amp;{body} = { birthDate=1975-09-14 | lastName=Sara | name=Thompson }</msg>
<status status="PASS" starttime="20220815 18:37:18.882" endtime="20220815 18:37:18.882"/>
</kw>
<kw name="Create Dictionary" library="BuiltIn">
<var>&amp;{headers}</var>
<arg>Content-Type=application/json</arg>
<arg>serverSide=false</arg>
<arg>content-type=application/json</arg>
<doc>Creates and returns a dictionary based on the given ``items``.</doc>
<msg timestamp="20220815 18:37:18.882" level="INFO">&amp;{headers} = { Content-Type=application/json | serverSide=false | content-type=application/json }</msg>
<status status="PASS" starttime="20220815 18:37:18.882" endtime="20220815 18:37:18.882"/>
</kw>
<kw name="POST On Session" library="RequestsLibrary">
<var>${resp}</var>
<arg>myssesion</arg>
<arg>/customer</arg>
<arg>json=${body}</arg>
<arg>headers=${headers}</arg>
<doc>Sends a POST request on a previously created HTTP Session.</doc>
<msg timestamp="20220815 18:37:18.897" level="INFO">POST Request : url=http://localhost:9090/customer 
 path_url=/customer 
 headers={'User-Agent': 'python-requests/2.28.1', 'Accept-Encoding': 'gzip, deflate', 'Accept': '*/*', 'Connection': 'keep-alive', 'content-type': 'application/json', 'serverSide': 'false', 'Content-Length': '67'} 
 body=b'{"birthDate": "1975-09-14", "lastName": "Sara", "name": "Thompson"}' 
 </msg>
<msg timestamp="20220815 18:37:18.897" level="INFO">POST Response : url=http://localhost:9090/customer 
 status=200, reason= 
 headers={'Content-Type': 'application/json;charset=UTF-8', 'Transfer-Encoding': 'chunked', 'Date': 'Mon, 15 Aug 2022 21:37:18 GMT'} 
 body={"name":"Thompson","lastName":"Sara","birthDate":"1975-09-14","id":134,"cards":[]} 
 </msg>
<msg timestamp="20220815 18:37:18.897" level="INFO">${resp} = &lt;Response [200]&gt;</msg>
<status status="PASS" starttime="20220815 18:37:18.882" endtime="20220815 18:37:18.897"/>
</kw>
<status status="PASS" starttime="20220815 18:37:18.882" endtime="20220815 18:37:18.897"/>
</test>
<test id="s1-t3" name="deve_retornar_status_400_quando_salvar_card_com_cvv_maior_que_999" line="52">
<kw name="First Name" library="FakerLibrary">
<var>${NOME1}</var>
<msg timestamp="20220815 18:37:18.897" level="INFO">${NOME1} = Kevin</msg>
<status status="PASS" starttime="20220815 18:37:18.897" endtime="20220815 18:37:18.897"/>
</kw>
<kw name="Last Name" library="FakerLibrary">
<var>${SOBRENOME}</var>
<msg timestamp="20220815 18:37:18.913" level="INFO">${SOBRENOME} = Moore</msg>
<status status="PASS" starttime="20220815 18:37:18.913" endtime="20220815 18:37:18.913"/>
</kw>
<kw name="Name" library="FakerLibrary">
<var>${NOME}</var>
<doc>:example 'John Doe'</doc>
<msg timestamp="20220815 18:37:18.913" level="INFO">${NOME} = Abigail Garcia</msg>
<status status="PASS" starttime="20220815 18:37:18.913" endtime="20220815 18:37:18.913"/>
</kw>
<kw name="Create Session" library="RequestsLibrary">
<arg>myssesion</arg>
<arg>${URL}</arg>
<doc>Create Session: create a HTTP session to a server</doc>
<msg timestamp="20220815 18:37:18.913" level="INFO">Creating Session using : alias=myssesion, url=http://localhost:9090, headers={},                     cookies={}, auth=None, timeout=None, proxies=None, verify=False,                     debug=0 </msg>
<status status="PASS" starttime="20220815 18:37:18.913" endtime="20220815 18:37:18.913"/>
</kw>
<kw name="Create Dictionary" library="BuiltIn">
<var>&amp;{body}</var>
<arg>brand=MASTER</arg>
<arg>customerId=2</arg>
<arg>cvc=1000</arg>
<arg>expirationMoth=2</arg>
<arg>expirationYear=2023</arg>
<arg>holderName=${NOME}</arg>
<arg>number=1001200230034004</arg>
<doc>Creates and returns a dictionary based on the given ``items``.</doc>
<msg timestamp="20220815 18:37:18.913" level="INFO">&amp;{body} = { brand=MASTER | customerId=2 | cvc=1000 | expirationMoth=2 | expirationYear=2023 | holderName=Abigail Garcia | number=1001200230034004 }</msg>
<status status="PASS" starttime="20220815 18:37:18.913" endtime="20220815 18:37:18.913"/>
</kw>
<kw name="Create Dictionary" library="BuiltIn">
<var>&amp;{headers}</var>
<arg>Content-Type=application/json</arg>
<doc>Creates and returns a dictionary based on the given ``items``.</doc>
<msg timestamp="20220815 18:37:18.913" level="INFO">&amp;{headers} = { Content-Type=application/json }</msg>
<status status="PASS" starttime="20220815 18:37:18.913" endtime="20220815 18:37:18.913"/>
</kw>
<kw name="POST On Session" library="RequestsLibrary">
<var>${resp}</var>
<arg>myssesion</arg>
<arg>/card</arg>
<arg>json=${body}</arg>
<arg>headers=${headers}</arg>
<arg>expected_status=400</arg>
<doc>Sends a POST request on a previously created HTTP Session.</doc>
<msg timestamp="20220815 18:37:18.929" level="INFO">POST Request : url=http://localhost:9090/card 
 path_url=/card 
 headers={'User-Agent': 'python-requests/2.28.1', 'Accept-Encoding': 'gzip, deflate', 'Accept': '*/*', 'Connection': 'keep-alive', 'Content-Type': 'application/json', 'Content-Length': '164'} 
 body=b'{"brand": "MASTER", "customerId": "2", "cvc": "1000", "expirationMoth": "2", "expirationYear": "2023", "holderName": "Abigail Garcia", "number": "1001200230034004"}' 
 </msg>
<msg timestamp="20220815 18:37:18.929" level="INFO">POST Response : url=http://localhost:9090/card 
 status=400, reason= 
 headers={'Content-Type': 'application/json;charset=UTF-8', 'Transfer-Encoding': 'chunked', 'Date': 'Mon, 15 Aug 2022 21:37:18 GMT', 'Connection': 'close'} 
 body={"cvc":"cvc must be between 001 to 999"} 
 </msg>
<msg timestamp="20220815 18:37:18.929" level="INFO">${resp} = &lt;Response [400]&gt;</msg>
<status status="PASS" starttime="20220815 18:37:18.913" endtime="20220815 18:37:18.929"/>
</kw>
<kw name="Should Be Equal As Strings" library="BuiltIn">
<arg>&lt;Response [400]&gt;</arg>
<arg>${resp}</arg>
<doc>Fails if objects are unequal after converting them to strings.</doc>
<msg timestamp="20220815 18:37:18.929" level="INFO">Argument types are:
&lt;class 'str'&gt;
&lt;class 'requests.models.Response'&gt;</msg>
<status status="PASS" starttime="20220815 18:37:18.929" endtime="20220815 18:37:18.929"/>
</kw>
<kw name="Log To Console" library="BuiltIn">
<arg>${resp.content}</arg>
<doc>Logs the given message to the console.</doc>
<status status="PASS" starttime="20220815 18:37:18.929" endtime="20220815 18:37:18.929"/>
</kw>
<status status="PASS" starttime="20220815 18:37:18.897" endtime="20220815 18:37:18.929"/>
</test>
<test id="s1-t4" name="deve_retornar_status_400_quando_salvar_card_com_expiration_month_maior_que_12" line="63">
<kw name="First Name" library="FakerLibrary">
<var>${NOME1}</var>
<msg timestamp="20220815 18:37:18.929" level="INFO">${NOME1} = Stephen</msg>
<status status="PASS" starttime="20220815 18:37:18.929" endtime="20220815 18:37:18.929"/>
</kw>
<kw name="Last Name" library="FakerLibrary">
<var>${SOBRENOME}</var>
<msg timestamp="20220815 18:37:18.929" level="INFO">${SOBRENOME} = Cohen</msg>
<status status="PASS" starttime="20220815 18:37:18.929" endtime="20220815 18:37:18.929"/>
</kw>
<kw name="Name" library="FakerLibrary">
<var>${NOME}</var>
<doc>:example 'John Doe'</doc>
<msg timestamp="20220815 18:37:18.929" level="INFO">${NOME} = Kristen Rodriguez</msg>
<status status="PASS" starttime="20220815 18:37:18.929" endtime="20220815 18:37:18.929"/>
</kw>
<kw name="Create Session" library="RequestsLibrary">
<arg>myssesion</arg>
<arg>${URL}</arg>
<doc>Create Session: create a HTTP session to a server</doc>
<msg timestamp="20220815 18:37:18.929" level="INFO">Creating Session using : alias=myssesion, url=http://localhost:9090, headers={},                     cookies={}, auth=None, timeout=None, proxies=None, verify=False,                     debug=0 </msg>
<status status="PASS" starttime="20220815 18:37:18.929" endtime="20220815 18:37:18.929"/>
</kw>
<kw name="Create Dictionary" library="BuiltIn">
<var>&amp;{body}</var>
<arg>brand=MASTER</arg>
<arg>customerId=2</arg>
<arg>cvc=222</arg>
<arg>expirationMoth=22</arg>
<arg>expirationYear=2023</arg>
<arg>holderName=${NOME}</arg>
<arg>number=1001200230034004</arg>
<arg>status=False</arg>
<doc>Creates and returns a dictionary based on the given ``items``.</doc>
<msg timestamp="20220815 18:37:18.929" level="INFO">&amp;{body} = { brand=MASTER | customerId=2 | cvc=222 | expirationMoth=22 | expirationYear=2023 | holderName=Kristen Rodriguez | number=1001200230034004 | status=False }</msg>
<status status="PASS" starttime="20220815 18:37:18.929" endtime="20220815 18:37:18.929"/>
</kw>
<kw name="Create Dictionary" library="BuiltIn">
<var>&amp;{headers}</var>
<arg>Content-Type=application/json</arg>
<doc>Creates and returns a dictionary based on the given ``items``.</doc>
<msg timestamp="20220815 18:37:18.929" level="INFO">&amp;{headers} = { Content-Type=application/json }</msg>
<status status="PASS" starttime="20220815 18:37:18.929" endtime="20220815 18:37:18.929"/>
</kw>
<kw name="POST On Session" library="RequestsLibrary">
<var>${resp}</var>
<arg>myssesion</arg>
<arg>/card</arg>
<arg>json=${body}</arg>
<arg>headers=${headers}</arg>
<arg>expected_status=400</arg>
<doc>Sends a POST request on a previously created HTTP Session.</doc>
<msg timestamp="20220815 18:37:18.960" level="INFO">POST Request : url=http://localhost:9090/card 
 path_url=/card 
 headers={'User-Agent': 'python-requests/2.28.1', 'Accept-Encoding': 'gzip, deflate', 'Accept': '*/*', 'Connection': 'keep-alive', 'Content-Type': 'application/json', 'Content-Length': '186'} 
 body=b'{"brand": "MASTER", "customerId": "2", "cvc": "222", "expirationMoth": "22", "expirationYear": "2023", "holderName": "Kristen Rodriguez", "number": "1001200230034004", "status": "False"}' 
 </msg>
<msg timestamp="20220815 18:37:18.960" level="INFO">POST Response : url=http://localhost:9090/card 
 status=400, reason= 
 headers={'Content-Type': 'application/json;charset=UTF-8', 'Transfer-Encoding': 'chunked', 'Date': 'Mon, 15 Aug 2022 21:37:18 GMT', 'Connection': 'close'} 
 body={"expirationMoth":"Expiration month must be less then 12"} 
 </msg>
<msg timestamp="20220815 18:37:18.960" level="INFO">${resp} = &lt;Response [400]&gt;</msg>
<status status="PASS" starttime="20220815 18:37:18.929" endtime="20220815 18:37:18.960"/>
</kw>
<kw name="Should Be Equal As Strings" library="BuiltIn">
<arg>&lt;Response [400]&gt;</arg>
<arg>${resp}</arg>
<doc>Fails if objects are unequal after converting them to strings.</doc>
<msg timestamp="20220815 18:37:18.960" level="INFO">Argument types are:
&lt;class 'str'&gt;
&lt;class 'requests.models.Response'&gt;</msg>
<status status="PASS" starttime="20220815 18:37:18.960" endtime="20220815 18:37:18.960"/>
</kw>
<kw name="Log To Console" library="BuiltIn">
<arg>${resp.content}</arg>
<doc>Logs the given message to the console.</doc>
<status status="PASS" starttime="20220815 18:37:18.960" endtime="20220815 18:37:18.960"/>
</kw>
<status status="PASS" starttime="20220815 18:37:18.929" endtime="20220815 18:37:18.960"/>
</test>
<test id="s1-t5" name="deve_retornar_status_400_quando_salvar_card_com_expiration_year_menor_que_2022" line="73">
<kw name="First Name" library="FakerLibrary">
<var>${NOME1}</var>
<msg timestamp="20220815 18:37:18.960" level="INFO">${NOME1} = Joseph</msg>
<status status="PASS" starttime="20220815 18:37:18.960" endtime="20220815 18:37:18.960"/>
</kw>
<kw name="Last Name" library="FakerLibrary">
<var>${SOBRENOME}</var>
<msg timestamp="20220815 18:37:18.977" level="INFO">${SOBRENOME} = Roman</msg>
<status status="PASS" starttime="20220815 18:37:18.976" endtime="20220815 18:37:18.977"/>
</kw>
<kw name="Name" library="FakerLibrary">
<var>${NOME}</var>
<doc>:example 'John Doe'</doc>
<msg timestamp="20220815 18:37:18.977" level="INFO">${NOME} = Henry Moore</msg>
<status status="PASS" starttime="20220815 18:37:18.977" endtime="20220815 18:37:18.977"/>
</kw>
<kw name="Create Session" library="RequestsLibrary">
<arg>myssesion</arg>
<arg>${URL}</arg>
<doc>Create Session: create a HTTP session to a server</doc>
<msg timestamp="20220815 18:37:18.977" level="INFO">Creating Session using : alias=myssesion, url=http://localhost:9090, headers={},                     cookies={}, auth=None, timeout=None, proxies=None, verify=False,                     debug=0 </msg>
<status status="PASS" starttime="20220815 18:37:18.977" endtime="20220815 18:37:18.977"/>
</kw>
<kw name="Create Dictionary" library="BuiltIn">
<var>&amp;{body}</var>
<arg>brand=MASTER</arg>
<arg>customerId=2</arg>
<arg>cvc=333</arg>
<arg>expirationMoth=2</arg>
<arg>expirationYear=2021</arg>
<arg>holderName=${NOME}</arg>
<arg>number=1001200230034004</arg>
<arg>status=False</arg>
<doc>Creates and returns a dictionary based on the given ``items``.</doc>
<msg timestamp="20220815 18:37:18.977" level="INFO">&amp;{body} = { brand=MASTER | customerId=2 | cvc=333 | expirationMoth=2 | expirationYear=2021 | holderName=Henry Moore | number=1001200230034004 | status=False }</msg>
<status status="PASS" starttime="20220815 18:37:18.977" endtime="20220815 18:37:18.977"/>
</kw>
<kw name="Create Dictionary" library="BuiltIn">
<var>&amp;{headers}</var>
<arg>Content-Type=application/json</arg>
<doc>Creates and returns a dictionary based on the given ``items``.</doc>
<msg timestamp="20220815 18:37:18.977" level="INFO">&amp;{headers} = { Content-Type=application/json }</msg>
<status status="PASS" starttime="20220815 18:37:18.977" endtime="20220815 18:37:18.977"/>
</kw>
<kw name="POST On Session" library="RequestsLibrary">
<var>${resp}</var>
<arg>myssesion</arg>
<arg>/card</arg>
<arg>json=${body}</arg>
<arg>headers=${headers}</arg>
<arg>expected_status=400</arg>
<doc>Sends a POST request on a previously created HTTP Session.</doc>
<msg timestamp="20220815 18:37:18.993" level="INFO">POST Request : url=http://localhost:9090/card 
 path_url=/card 
 headers={'User-Agent': 'python-requests/2.28.1', 'Accept-Encoding': 'gzip, deflate', 'Accept': '*/*', 'Connection': 'keep-alive', 'Content-Type': 'application/json', 'Content-Length': '179'} 
 body=b'{"brand": "MASTER", "customerId": "2", "cvc": "333", "expirationMoth": "2", "expirationYear": "2021", "holderName": "Henry Moore", "number": "1001200230034004", "status": "False"}' 
 </msg>
<msg timestamp="20220815 18:37:18.993" level="INFO">POST Response : url=http://localhost:9090/card 
 status=400, reason= 
 headers={'Content-Type': 'application/json;charset=UTF-8', 'Transfer-Encoding': 'chunked', 'Date': 'Mon, 15 Aug 2022 21:37:18 GMT', 'Connection': 'close'} 
 body={"expirationYear":"Expiration year must be greater than the current one"} 
 </msg>
<msg timestamp="20220815 18:37:18.993" level="INFO">${resp} = &lt;Response [400]&gt;</msg>
<status status="PASS" starttime="20220815 18:37:18.977" endtime="20220815 18:37:18.993"/>
</kw>
<kw name="Should Be Equal As Strings" library="BuiltIn">
<arg>&lt;Response [400]&gt;</arg>
<arg>${resp}</arg>
<doc>Fails if objects are unequal after converting them to strings.</doc>
<msg timestamp="20220815 18:37:18.993" level="INFO">Argument types are:
&lt;class 'str'&gt;
&lt;class 'requests.models.Response'&gt;</msg>
<status status="PASS" starttime="20220815 18:37:18.993" endtime="20220815 18:37:18.993"/>
</kw>
<kw name="Log To Console" library="BuiltIn">
<arg>${resp.content}</arg>
<doc>Logs the given message to the console.</doc>
<status status="PASS" starttime="20220815 18:37:18.993" endtime="20220815 18:37:18.993"/>
</kw>
<status status="PASS" starttime="20220815 18:37:18.960" endtime="20220815 18:37:18.993"/>
</test>
<test id="s1-t6" name="deve_retornar_status_400_quando_salvar_card_com_number_de_15_digitos" line="84">
<kw name="First Name" library="FakerLibrary">
<var>${NOME1}</var>
<msg timestamp="20220815 18:37:19.008" level="INFO">${NOME1} = Jessica</msg>
<status status="PASS" starttime="20220815 18:37:19.008" endtime="20220815 18:37:19.008"/>
</kw>
<kw name="Last Name" library="FakerLibrary">
<var>${SOBRENOME}</var>
<msg timestamp="20220815 18:37:19.008" level="INFO">${SOBRENOME} = Hill</msg>
<status status="PASS" starttime="20220815 18:37:19.008" endtime="20220815 18:37:19.008"/>
</kw>
<kw name="Name" library="FakerLibrary">
<var>${NOME}</var>
<doc>:example 'John Doe'</doc>
<msg timestamp="20220815 18:37:19.008" level="INFO">${NOME} = Margaret Peck</msg>
<status status="PASS" starttime="20220815 18:37:19.008" endtime="20220815 18:37:19.008"/>
</kw>
<kw name="Create Session" library="RequestsLibrary">
<arg>myssesion</arg>
<arg>${URL}</arg>
<doc>Create Session: create a HTTP session to a server</doc>
<msg timestamp="20220815 18:37:19.008" level="INFO">Creating Session using : alias=myssesion, url=http://localhost:9090, headers={},                     cookies={}, auth=None, timeout=None, proxies=None, verify=False,                     debug=0 </msg>
<status status="PASS" starttime="20220815 18:37:19.008" endtime="20220815 18:37:19.008"/>
</kw>
<kw name="Create Dictionary" library="BuiltIn">
<var>&amp;{body}</var>
<arg>brand=MASTER</arg>
<arg>customerId=2</arg>
<arg>cvc=444</arg>
<arg>expirationMoth=2</arg>
<arg>expirationYear=2023</arg>
<arg>holderName=${NOME}</arg>
<arg>number=100120023003400</arg>
<arg>status=False</arg>
<doc>Creates and returns a dictionary based on the given ``items``.</doc>
<msg timestamp="20220815 18:37:19.008" level="INFO">&amp;{body} = { brand=MASTER | customerId=2 | cvc=444 | expirationMoth=2 | expirationYear=2023 | holderName=Margaret Peck | number=100120023003400 | status=False }</msg>
<status status="PASS" starttime="20220815 18:37:19.008" endtime="20220815 18:37:19.008"/>
</kw>
<kw name="Create Dictionary" library="BuiltIn">
<var>&amp;{headers}</var>
<arg>Content-Type=application/json</arg>
<doc>Creates and returns a dictionary based on the given ``items``.</doc>
<msg timestamp="20220815 18:37:19.008" level="INFO">&amp;{headers} = { Content-Type=application/json }</msg>
<status status="PASS" starttime="20220815 18:37:19.008" endtime="20220815 18:37:19.008"/>
</kw>
<kw name="POST On Session" library="RequestsLibrary">
<var>${resp}</var>
<arg>myssesion</arg>
<arg>/card</arg>
<arg>json=${body}</arg>
<arg>headers=${headers}</arg>
<arg>expected_status=400</arg>
<doc>Sends a POST request on a previously created HTTP Session.</doc>
<msg timestamp="20220815 18:37:19.024" level="INFO">POST Request : url=http://localhost:9090/card 
 path_url=/card 
 headers={'User-Agent': 'python-requests/2.28.1', 'Accept-Encoding': 'gzip, deflate', 'Accept': '*/*', 'Connection': 'keep-alive', 'Content-Type': 'application/json', 'Content-Length': '180'} 
 body=b'{"brand": "MASTER", "customerId": "2", "cvc": "444", "expirationMoth": "2", "expirationYear": "2023", "holderName": "Margaret Peck", "number": "100120023003400", "status": "False"}' 
 </msg>
<msg timestamp="20220815 18:37:19.024" level="INFO">POST Response : url=http://localhost:9090/card 
 status=400, reason= 
 headers={'Content-Type': 'application/json;charset=UTF-8', 'Transfer-Encoding': 'chunked', 'Date': 'Mon, 15 Aug 2022 21:37:18 GMT', 'Connection': 'close'} 
 body={"number":"Number must have a 16 numbers"} 
 </msg>
<msg timestamp="20220815 18:37:19.024" level="INFO">${resp} = &lt;Response [400]&gt;</msg>
<status status="PASS" starttime="20220815 18:37:19.008" endtime="20220815 18:37:19.024"/>
</kw>
<kw name="Should Be Equal As Strings" library="BuiltIn">
<arg>&lt;Response [400]&gt;</arg>
<arg>${resp}</arg>
<doc>Fails if objects are unequal after converting them to strings.</doc>
<msg timestamp="20220815 18:37:19.024" level="INFO">Argument types are:
&lt;class 'str'&gt;
&lt;class 'requests.models.Response'&gt;</msg>
<status status="PASS" starttime="20220815 18:37:19.024" endtime="20220815 18:37:19.024"/>
</kw>
<kw name="Log To Console" library="BuiltIn">
<arg>${resp.content}</arg>
<doc>Logs the given message to the console.</doc>
<status status="PASS" starttime="20220815 18:37:19.024" endtime="20220815 18:37:19.024"/>
</kw>
<status status="PASS" starttime="20220815 18:37:19.008" endtime="20220815 18:37:19.024"/>
</test>
<test id="s1-t7" name="deve_retornar_status_400_quando_salvar_card_com_number_de_17_digitos" line="95">
<kw name="First Name" library="FakerLibrary">
<var>${NOME1}</var>
<msg timestamp="20220815 18:37:19.024" level="INFO">${NOME1} = Sandra</msg>
<status status="PASS" starttime="20220815 18:37:19.024" endtime="20220815 18:37:19.024"/>
</kw>
<kw name="Last Name" library="FakerLibrary">
<var>${SOBRENOME}</var>
<msg timestamp="20220815 18:37:19.024" level="INFO">${SOBRENOME} = Horton</msg>
<status status="PASS" starttime="20220815 18:37:19.024" endtime="20220815 18:37:19.024"/>
</kw>
<kw name="Name" library="FakerLibrary">
<var>${NOME}</var>
<doc>:example 'John Doe'</doc>
<msg timestamp="20220815 18:37:19.024" level="INFO">${NOME} = Tracey Anderson</msg>
<status status="PASS" starttime="20220815 18:37:19.024" endtime="20220815 18:37:19.024"/>
</kw>
<kw name="Create Session" library="RequestsLibrary">
<arg>myssesion</arg>
<arg>${URL}</arg>
<doc>Create Session: create a HTTP session to a server</doc>
<msg timestamp="20220815 18:37:19.040" level="INFO">Creating Session using : alias=myssesion, url=http://localhost:9090, headers={},                     cookies={}, auth=None, timeout=None, proxies=None, verify=False,                     debug=0 </msg>
<status status="PASS" starttime="20220815 18:37:19.024" endtime="20220815 18:37:19.040"/>
</kw>
<kw name="Create Dictionary" library="BuiltIn">
<var>&amp;{body}</var>
<arg>brand=MASTER</arg>
<arg>customerId=2</arg>
<arg>cvc=555</arg>
<arg>expirationMoth=2</arg>
<arg>expirationYear=2023</arg>
<arg>holderName=${NOME}</arg>
<arg>number=10012002300340041</arg>
<arg>status=False</arg>
<doc>Creates and returns a dictionary based on the given ``items``.</doc>
<msg timestamp="20220815 18:37:19.040" level="INFO">&amp;{body} = { brand=MASTER | customerId=2 | cvc=555 | expirationMoth=2 | expirationYear=2023 | holderName=Tracey Anderson | number=10012002300340041 | status=False }</msg>
<status status="PASS" starttime="20220815 18:37:19.040" endtime="20220815 18:37:19.040"/>
</kw>
<kw name="Create Dictionary" library="BuiltIn">
<var>&amp;{headers}</var>
<arg>Content-Type=application/json</arg>
<doc>Creates and returns a dictionary based on the given ``items``.</doc>
<msg timestamp="20220815 18:37:19.040" level="INFO">&amp;{headers} = { Content-Type=application/json }</msg>
<status status="PASS" starttime="20220815 18:37:19.040" endtime="20220815 18:37:19.040"/>
</kw>
<kw name="POST On Session" library="RequestsLibrary">
<var>${resp}</var>
<arg>myssesion</arg>
<arg>/card</arg>
<arg>json=${body}</arg>
<arg>headers=${headers}</arg>
<arg>expected_status=400</arg>
<doc>Sends a POST request on a previously created HTTP Session.</doc>
<msg timestamp="20220815 18:37:19.056" level="INFO">POST Request : url=http://localhost:9090/card 
 path_url=/card 
 headers={'User-Agent': 'python-requests/2.28.1', 'Accept-Encoding': 'gzip, deflate', 'Accept': '*/*', 'Connection': 'keep-alive', 'Content-Type': 'application/json', 'Content-Length': '184'} 
 body=b'{"brand": "MASTER", "customerId": "2", "cvc": "555", "expirationMoth": "2", "expirationYear": "2023", "holderName": "Tracey Anderson", "number": "10012002300340041", "status": "False"}' 
 </msg>
<msg timestamp="20220815 18:37:19.056" level="INFO">POST Response : url=http://localhost:9090/card 
 status=400, reason= 
 headers={'Content-Type': 'application/json;charset=UTF-8', 'Transfer-Encoding': 'chunked', 'Date': 'Mon, 15 Aug 2022 21:37:18 GMT', 'Connection': 'close'} 
 body={"number":"Number must have a 16 numbers"} 
 </msg>
<msg timestamp="20220815 18:37:19.056" level="INFO">${resp} = &lt;Response [400]&gt;</msg>
<status status="PASS" starttime="20220815 18:37:19.040" endtime="20220815 18:37:19.056"/>
</kw>
<kw name="Should Be Equal As Strings" library="BuiltIn">
<arg>&lt;Response [400]&gt;</arg>
<arg>${resp}</arg>
<doc>Fails if objects are unequal after converting them to strings.</doc>
<msg timestamp="20220815 18:37:19.056" level="INFO">Argument types are:
&lt;class 'str'&gt;
&lt;class 'requests.models.Response'&gt;</msg>
<status status="PASS" starttime="20220815 18:37:19.056" endtime="20220815 18:37:19.056"/>
</kw>
<kw name="Log To Console" library="BuiltIn">
<arg>${resp.content}</arg>
<doc>Logs the given message to the console.</doc>
<status status="PASS" starttime="20220815 18:37:19.056" endtime="20220815 18:37:19.056"/>
</kw>
<status status="PASS" starttime="20220815 18:37:19.024" endtime="20220815 18:37:19.056"/>
</test>
<test id="s1-t8" name="deve_deletar_um_card_salvo_no_sistema" line="106">
<kw name="First Name" library="FakerLibrary">
<var>${NOME1}</var>
<msg timestamp="20220815 18:37:19.056" level="INFO">${NOME1} = Robert</msg>
<status status="PASS" starttime="20220815 18:37:19.056" endtime="20220815 18:37:19.056"/>
</kw>
<kw name="Last Name" library="FakerLibrary">
<var>${SOBRENOME}</var>
<msg timestamp="20220815 18:37:19.056" level="INFO">${SOBRENOME} = Newton</msg>
<status status="PASS" starttime="20220815 18:37:19.056" endtime="20220815 18:37:19.071"/>
</kw>
<kw name="Create Session" library="RequestsLibrary">
<arg>myssesion</arg>
<arg>${URL}</arg>
<doc>Create Session: create a HTTP session to a server</doc>
<msg timestamp="20220815 18:37:19.071" level="INFO">Creating Session using : alias=myssesion, url=http://localhost:9090, headers={},                     cookies={}, auth=None, timeout=None, proxies=None, verify=False,                     debug=0 </msg>
<status status="PASS" starttime="20220815 18:37:19.071" endtime="20220815 18:37:19.071"/>
</kw>
<kw name="Create Dictionary" library="BuiltIn">
<var>&amp;{body}</var>
<arg>birthDate=1975-09-14</arg>
<arg>lastName=${NOME1}</arg>
<arg>name=${SOBRENOME}</arg>
<doc>Creates and returns a dictionary based on the given ``items``.</doc>
<msg timestamp="20220815 18:37:19.071" level="INFO">&amp;{body} = { birthDate=1975-09-14 | lastName=Robert | name=Newton }</msg>
<status status="PASS" starttime="20220815 18:37:19.071" endtime="20220815 18:37:19.071"/>
</kw>
<kw name="Create Dictionary" library="BuiltIn">
<var>&amp;{headers}</var>
<arg>Content-Type=application/json</arg>
<doc>Creates and returns a dictionary based on the given ``items``.</doc>
<msg timestamp="20220815 18:37:19.071" level="INFO">&amp;{headers} = { Content-Type=application/json }</msg>
<status status="PASS" starttime="20220815 18:37:19.071" endtime="20220815 18:37:19.071"/>
</kw>
<kw name="Post Request" library="RequestsLibrary">
<var>${resp}</var>
<arg>myssesion</arg>
<arg>/customer</arg>
<arg>json=${body}</arg>
<arg>headers=${headers}</arg>
<doc>*DEPRECATED* Please use `POST On Session` instead.</doc>
<msg timestamp="20220815 18:37:19.071" level="WARN">Keyword 'RequestsLibrary.Post Request' is deprecated. Please use `POST On Session` instead.</msg>
<msg timestamp="20220815 18:37:19.071" level="INFO">POST Request : url=http://localhost:9090/customer 
 path_url=/customer 
 headers={'User-Agent': 'python-requests/2.28.1', 'Accept-Encoding': 'gzip, deflate', 'Accept': '*/*', 'Connection': 'keep-alive', 'Content-Type': 'application/json', 'Content-Length': '67'} 
 body=b'{"birthDate": "1975-09-14", "lastName": "Robert", "name": "Newton"}' 
 </msg>
<msg timestamp="20220815 18:37:19.071" level="INFO">POST Response : url=http://localhost:9090/customer 
 status=200, reason= 
 headers={'Content-Type': 'application/json;charset=UTF-8', 'Transfer-Encoding': 'chunked', 'Date': 'Mon, 15 Aug 2022 21:37:18 GMT'} 
 body={"name":"Newton","lastName":"Robert","birthDate":"1975-09-14","id":135,"cards":[]} 
 </msg>
<msg timestamp="20220815 18:37:19.071" level="INFO">${resp} = &lt;Response [200]&gt;</msg>
<status status="PASS" starttime="20220815 18:37:19.071" endtime="20220815 18:37:19.071"/>
</kw>
<kw name="Log To Console" library="BuiltIn">
<arg>${resp.content}</arg>
<doc>Logs the given message to the console.</doc>
<status status="PASS" starttime="20220815 18:37:19.071" endtime="20220815 18:37:19.071"/>
</kw>
<kw name="Create Session" library="RequestsLibrary">
<arg>myssesion</arg>
<arg>${URL}</arg>
<doc>Create Session: create a HTTP session to a server</doc>
<msg timestamp="20220815 18:37:19.071" level="INFO">Creating Session using : alias=myssesion, url=http://localhost:9090, headers={},                     cookies={}, auth=None, timeout=None, proxies=None, verify=False,                     debug=0 </msg>
<status status="PASS" starttime="20220815 18:37:19.071" endtime="20220815 18:37:19.071"/>
</kw>
<kw name="Create Dictionary" library="BuiltIn">
<var>&amp;{body}</var>
<arg>brand=MASTER</arg>
<arg>customerId=2</arg>
<arg>cvc=555</arg>
<arg>expirationMoth=2</arg>
<arg>expirationYear=2023</arg>
<arg>holderName=${SOBRENOME} + ${NOME1}</arg>
<arg>number=1001200230034004</arg>
<doc>Creates and returns a dictionary based on the given ``items``.</doc>
<msg timestamp="20220815 18:37:19.071" level="INFO">&amp;{body} = { brand=MASTER | customerId=2 | cvc=555 | expirationMoth=2 | expirationYear=2023 | holderName=Newton + Robert | number=1001200230034004 }</msg>
<status status="PASS" starttime="20220815 18:37:19.071" endtime="20220815 18:37:19.071"/>
</kw>
<kw name="Create Dictionary" library="BuiltIn">
<var>&amp;{headers}</var>
<arg>Content-Type=application/json</arg>
<doc>Creates and returns a dictionary based on the given ``items``.</doc>
<msg timestamp="20220815 18:37:19.087" level="INFO">&amp;{headers} = { Content-Type=application/json }</msg>
<status status="PASS" starttime="20220815 18:37:19.087" endtime="20220815 18:37:19.087"/>
</kw>
<kw name="Post Request" library="RequestsLibrary">
<var>${resp}</var>
<arg>myssesion</arg>
<arg>/card</arg>
<arg>json=${body}</arg>
<arg>headers=${headers}</arg>
<doc>*DEPRECATED* Please use `POST On Session` instead.</doc>
<msg timestamp="20220815 18:37:19.087" level="WARN">Keyword 'RequestsLibrary.Post Request' is deprecated. Please use `POST On Session` instead.</msg>
<msg timestamp="20220815 18:37:19.087" level="INFO">POST Request : url=http://localhost:9090/card 
 path_url=/card 
 headers={'User-Agent': 'python-requests/2.28.1', 'Accept-Encoding': 'gzip, deflate', 'Accept': '*/*', 'Connection': 'keep-alive', 'Content-Type': 'application/json', 'Content-Length': '164'} 
 body=b'{"brand": "MASTER", "customerId": "2", "cvc": "555", "expirationMoth": "2", "expirationYear": "2023", "holderName": "Newton + Robert", "number": "1001200230034004"}' 
 </msg>
<msg timestamp="20220815 18:37:19.087" level="INFO">POST Response : url=http://localhost:9090/card 
 status=200, reason= 
 headers={'Content-Type': 'application/json;charset=UTF-8', 'Transfer-Encoding': 'chunked', 'Date': 'Mon, 15 Aug 2022 21:37:18 GMT'} 
 body={"customerId":2,"number":"1001200230034004","holderName":"Newton + Robert","brand":"MASTER","expirationMoth":2,"expirationYear":2023,"cvc":"555","id":136} 
 </msg>
<msg timestamp="20220815 18:37:19.103" level="INFO">${resp} = &lt;Response [200]&gt;</msg>
<status status="PASS" starttime="20220815 18:37:19.087" endtime="20220815 18:37:19.103"/>
</kw>
<kw name="Log To Console" library="BuiltIn">
<arg>${resp.content}</arg>
<doc>Logs the given message to the console.</doc>
<status status="PASS" starttime="20220815 18:37:19.103" endtime="20220815 18:37:19.103"/>
</kw>
<kw name="Create Session" library="RequestsLibrary">
<arg>myssesion</arg>
<arg>${URL}</arg>
<doc>Create Session: create a HTTP session to a server</doc>
<msg timestamp="20220815 18:37:19.103" level="INFO">Creating Session using : alias=myssesion, url=http://localhost:9090, headers={},                     cookies={}, auth=None, timeout=None, proxies=None, verify=False,                     debug=0 </msg>
<status status="PASS" starttime="20220815 18:37:19.103" endtime="20220815 18:37:19.103"/>
</kw>
<kw name="DELETE On Session" library="RequestsLibrary">
<var>${resp}</var>
<arg>myssesion</arg>
<arg>card/134</arg>
<doc>Sends a DELETE request on a previously created HTTP Session.</doc>
<msg timestamp="20220815 18:37:19.119" level="INFO">DELETE Request : url=http://localhost:9090/card/134 
 path_url=/card/134 
 headers={'User-Agent': 'python-requests/2.28.1', 'Accept-Encoding': 'gzip, deflate', 'Accept': '*/*', 'Connection': 'keep-alive', 'Content-Length': '0'} 
 body=None 
 </msg>
<msg timestamp="20220815 18:37:19.119" level="INFO">DELETE Response : url=http://localhost:9090/card/134 
 status=404, reason= 
 headers={'Content-Type': 'application/json;charset=UTF-8', 'Transfer-Encoding': 'chunked', 'Date': 'Mon, 15 Aug 2022 21:37:18 GMT'} 
 body={"timestamp":"2022-08-15T21:37:19.118+0000","status":404,"error":"Not Found","message":"Card not found","path":"/card/134"} 
 </msg>
<msg timestamp="20220815 18:37:19.119" level="FAIL">HTTPError: 404 Client Error:  for url: http://localhost:9090/card/134</msg>
<status status="FAIL" starttime="20220815 18:37:19.103" endtime="20220815 18:37:19.119"/>
</kw>
<kw name="Create Dictionary" library="BuiltIn">
<var>&amp;{headers}</var>
<arg>Content-Type=application/json</arg>
<doc>Creates and returns a dictionary based on the given ``items``.</doc>
<status status="NOT RUN" starttime="20220815 18:37:19.119" endtime="20220815 18:37:19.119"/>
</kw>
<status status="FAIL" starttime="20220815 18:37:19.056" endtime="20220815 18:37:19.119">HTTPError: 404 Client Error:  for url: http://localhost:9090/card/134</status>
</test>
<test id="s1-t9" name="deve_retornar_status_404_ao_deletar_um_card_com_id_nao_salvo_no_sistema" line="131">
<kw name="Create Session" library="RequestsLibrary">
<arg>myssesion</arg>
<arg>${URL}</arg>
<doc>Create Session: create a HTTP session to a server</doc>
<msg timestamp="20220815 18:37:19.119" level="INFO">Creating Session using : alias=myssesion, url=http://localhost:9090, headers={},                     cookies={}, auth=None, timeout=None, proxies=None, verify=False,                     debug=0 </msg>
<status status="PASS" starttime="20220815 18:37:19.119" endtime="20220815 18:37:19.119"/>
</kw>
<kw name="DELETE On Session" library="RequestsLibrary">
<var>${resp}</var>
<arg>myssesion</arg>
<arg>card/12</arg>
<arg>expected_status=404</arg>
<doc>Sends a DELETE request on a previously created HTTP Session.</doc>
<msg timestamp="20220815 18:37:19.134" level="INFO">DELETE Request : url=http://localhost:9090/card/12 
 path_url=/card/12 
 headers={'User-Agent': 'python-requests/2.28.1', 'Accept-Encoding': 'gzip, deflate', 'Accept': '*/*', 'Connection': 'keep-alive', 'Content-Length': '0'} 
 body=None 
 </msg>
<msg timestamp="20220815 18:37:19.134" level="INFO">DELETE Response : url=http://localhost:9090/card/12 
 status=404, reason= 
 headers={'Content-Type': 'application/json;charset=UTF-8', 'Transfer-Encoding': 'chunked', 'Date': 'Mon, 15 Aug 2022 21:37:18 GMT'} 
 body={"timestamp":"2022-08-15T21:37:19.134+0000","status":404,"error":"Not Found","message":"Card not found","path":"/card/12"} 
 </msg>
<msg timestamp="20220815 18:37:19.134" level="INFO">${resp} = &lt;Response [404]&gt;</msg>
<status status="PASS" starttime="20220815 18:37:19.119" endtime="20220815 18:37:19.134"/>
</kw>
<kw name="Create Dictionary" library="BuiltIn">
<var>&amp;{headers}</var>
<arg>Content-Type=application/json</arg>
<doc>Creates and returns a dictionary based on the given ``items``.</doc>
<msg timestamp="20220815 18:37:19.134" level="INFO">&amp;{headers} = { Content-Type=application/json }</msg>
<status status="PASS" starttime="20220815 18:37:19.134" endtime="20220815 18:37:19.134"/>
</kw>
<kw name="Should Be Equal As Strings" library="BuiltIn">
<arg>&lt;Response [404]&gt;</arg>
<arg>${resp}</arg>
<doc>Fails if objects are unequal after converting them to strings.</doc>
<msg timestamp="20220815 18:37:19.134" level="INFO">Argument types are:
&lt;class 'str'&gt;
&lt;class 'requests.models.Response'&gt;</msg>
<status status="PASS" starttime="20220815 18:37:19.134" endtime="20220815 18:37:19.134"/>
</kw>
<kw name="Log To Console" library="BuiltIn">
<arg>${resp.content}</arg>
<doc>Logs the given message to the console.</doc>
<status status="PASS" starttime="20220815 18:37:19.134" endtime="20220815 18:37:19.134"/>
</kw>
<status status="PASS" starttime="20220815 18:37:19.119" endtime="20220815 18:37:19.134"/>
</test>
<doc>Teste de API</doc>
<status status="FAIL" starttime="20220815 18:37:18.335" endtime="20220815 18:37:19.134"/>
</suite>
<statistics>
<total>
<stat pass="8" fail="1" skip="0">All Tests</stat>
</total>
<tag>
</tag>
<suite>
<stat pass="8" fail="1" skip="0" id="s1" name="API TEST">API TEST</stat>
</suite>
</statistics>
<errors>
<msg timestamp="20220815 18:37:19.071" level="WARN">Keyword 'RequestsLibrary.Post Request' is deprecated. Please use `POST On Session` instead.</msg>
<msg timestamp="20220815 18:37:19.087" level="WARN">Keyword 'RequestsLibrary.Post Request' is deprecated. Please use `POST On Session` instead.</msg>
</errors>
</robot>
